jun 27, 2023 3:41:42 P. M. LFTServer$1 run
INFORMACIÓN: Recibido comando LIST
jun 27, 2023 3:41:42 P. M. LFTServer$1 run
INFORMACIÓN: Ruta correcta
jun 27, 2023 3:41:42 P. M. LFTServer$1 run
INFORMACIÓN: Listado enviado
jun 27, 2023 3:43:11 P. M. LFTServer$1 run
INFORMACIÓN: Recibido comando PUT
jun 27, 2023 3:43:11 P. M. LFTServer$1 run
INFORMACIÓN: Archivo almacenado correctamente
jun 27, 2023 3:44:48 P. M. LFTServer$1 run
INFORMACIÓN: Recibido comando GET
jun 27, 2023 3:46:14 P. M. LFTServer$1 run
INFORMACIÓN: Recibido comando GET
jun 27, 2023 3:46:49 P. M. LFTServer$1 run
INFORMACIÓN: Recibido comando GET
jun 27, 2023 3:46:49 P. M. LFTServer$1 run
INFORMACIÓN: Ruta correcta
jun 27, 2023 3:46:49 P. M. LFTServer$1 run
INFORMACIÓN: Archivo enviado
jun 27, 2023 3:50:23 P. M. LFTServer$1 run
INFORMACIÓN: Recibido comando PUT
jun 27, 2023 3:50:23 P. M. LFTServer$1 run
INFORMACIÓN: Archivo almacenado correctamente
jun 27, 2023 3:52:59 P. M. LFTServer$1 run
INFORMACIÓN: Recibido comando PUT
jun 27, 2023 3:52:59 P. M. LFTServer$1 run
INFORMACIÓN: Archivo almacenado correctamente
jun 27, 2023 4:01:35 P. M. LFTServer$1 run
INFORMACIÓN: Recibido comando PUT
jun 27, 2023 4:01:35 P. M. LFTServer$1 run
INFORMACIÓN: Archivo almacenado correctamente
jun 27, 2023 4:03:12 P. M. LFTServer$1 run
INFORMACIÓN: Recibido comando PUT
jun 27, 2023 4:03:12 P. M. LFTServer$1 run
INFORMACIÓN: Archivo almacenado correctamente
jun 27, 2023 4:06:33 P. M. LFTServer$1 run
INFORMACIÓN: Recibido comando PUT
jun 27, 2023 4:06:33 P. M. LFTServer$1 run
INFORMACIÓN: Archivo almacenado correctamente
jun 27, 2023 4:08:04 P. M. LFTServer$1 run
INFORMACIÓN: Recibido comando PUT
jun 27, 2023 4:08:04 P. M. LFTServer$1 run
INFORMACIÓN: Archivo almacenado correctamente
jun 27, 2023 4:09:59 P. M. LFTServer$1 run
INFORMACIÓN: Recibido comando PUT
jun 27, 2023 4:09:59 P. M. LFTServer$1 run
INFORMACIÓN: Archivo almacenado correctamente
jun 27, 2023 4:12:29 P. M. LFTServer$1 run
INFORMACIÓN: Recibido comando PUT
jun 27, 2023 4:12:29 P. M. LFTServer$1 run
INFORMACIÓN: Archivo almacenado correctamente
jun 27, 2023 4:14:17 P. M. LFTServer$1 run
INFORMACIÓN: Recibido comando PUT
jun 27, 2023 4:21:06 P. M. LFTServer$1 run
INFORMACIÓN: Recibido comando GET
jun 27, 2023 4:21:06 P. M. LFTServer$1 run
INFORMACIÓN: Ruta correcta
jun 27, 2023 4:21:06 P. M. LFTServer$1 run
INFORMACIÓN: Archivo enviado
jun 27, 2023 4:27:07 P. M. LFTServer$1 run
INFORMACIÓN: Recibido comando PUT
